<?xml version="1.0" encoding="UTF-8"?>
<!-- Generated by org.testng.reporters.JUnitReportReporter -->
<testsuite hostname="DESKTOP-R6M179N" failures="0" tests="7" name="com.qa.jupiter.tests.TestCase1" time="31.543" errors="0" timestamp="2023-11-20T13:32:09 CST" skipped="0">
  <testcase classname="com.qa.jupiter.tests.TestCase1" name="Step2" time="0.913"/>
  <system-out/>
  <testcase classname="com.qa.jupiter.tests.TestCase1" name="Step4" time="0.133"/>
  <system-out/>
  <testcase classname="com.qa.jupiter.tests.TestCase1" name="Step1" time="0.133"/>
  <system-out/>
  <testcase classname="com.qa.jupiter.tests.TestCase1" name="Step3" time="0.089"/>
  <system-out/>
  <testcase classname="com.qa.jupiter.tests.TestCase1" name="Step5" time="30.134"/>
  <system-out/>
  <testcase classname="com.qa.jupiter.tests.TestCase1" name="Step4" time="0.067"/>
  <system-out/>
  <testcase classname="com.qa.jupiter.tests.TestCase1" name="Step4" time="0.074"/>
  <system-out/>
</testsuite> <!-- com.qa.jupiter.tests.TestCase1 -->
