<?xml version="1.0" encoding="UTF-8"?>
<!-- Generated by org.testng.reporters.JUnitReportReporter -->
<testsuite hostname="DESKTOP-R6M179N" failures="0" tests="7" name="com.qa.jupiter.tests.TestCase1" time="31.310" errors="0" timestamp="2023-11-20T11:26:43 CST" skipped="0">
  <testcase classname="com.qa.jupiter.tests.TestCase1" name="Step4" time="0.100"/>
  <system-out/>
  <testcase classname="com.qa.jupiter.tests.TestCase1" name="Step1" time="0.191"/>
  <system-out/>
  <testcase classname="com.qa.jupiter.tests.TestCase1" name="Step2" time="0.618"/>
  <system-out/>
  <testcase classname="com.qa.jupiter.tests.TestCase1" name="Step3" time="0.083"/>
  <system-out/>
  <testcase classname="com.qa.jupiter.tests.TestCase1" name="Step4" time="0.070"/>
  <system-out/>
  <testcase classname="com.qa.jupiter.tests.TestCase1" name="Step4" time="0.086"/>
  <system-out/>
  <testcase classname="com.qa.jupiter.tests.TestCase1" name="Step5" time="30.162"/>
  <system-out/>
</testsuite> <!-- com.qa.jupiter.tests.TestCase1 -->
