<?xml version="1.0" encoding="UTF-8"?>
<!-- Generated by org.testng.reporters.JUnitReportReporter -->
<testsuite hostname="DESKTOP-R6M179N" failures="0" tests="6" name="com.qa.jupiter.tests.TestCase2" time="3.114" errors="0" timestamp="2023-11-20T11:32:36 CST" skipped="0">
  <testcase classname="com.qa.jupiter.tests.TestCase2" name="Step2" time="0.090"/>
  <system-out/>
  <testcase classname="com.qa.jupiter.tests.TestCase2" name="Step2" time="0.074"/>
  <system-out/>
  <testcase classname="com.qa.jupiter.tests.TestCase2" name="Step2" time="0.098"/>
  <system-out/>
  <testcase classname="com.qa.jupiter.tests.TestCase2" name="Step3" time="0.078"/>
  <system-out/>
  <testcase classname="com.qa.jupiter.tests.TestCase2" name="Step4" time="2.660"/>
  <system-out/>
  <testcase classname="com.qa.jupiter.tests.TestCase2" name="Step1" time="0.114"/>
  <system-out/>
</testsuite> <!-- com.qa.jupiter.tests.TestCase2 -->
