<?xml version="1.0" encoding="UTF-8"?>
<!-- Generated by org.testng.reporters.JUnitReportReporter -->
<testsuite hostname="RJLegaspi" failures="0" tests="1" name="com.qa.jupiter.tests.BaseTest" time="0.103" errors="0" timestamp="2023-11-18T15:12:58 CST" skipped="0">
  <testcase classname="com.qa.jupiter.tests.BaseTest" name="tc1" time="0.103"/>
</testsuite> <!-- com.qa.jupiter.tests.BaseTest -->
