<?xml version="1.0" encoding="UTF-8"?>
<!-- Generated by org.testng.reporters.JUnitReportReporter -->
<testsuite hostname="DESKTOP-R6M179N" failures="0" tests="7" name="com.qa.jupiter.tests.TestCase3" time="3.012" errors="0" timestamp="2023-11-20T13:32:09 CST" skipped="0">
  <testcase classname="com.qa.jupiter.tests.TestCase3" name="Step1" time="0.218"/>
  <system-out/>
  <testcase classname="com.qa.jupiter.tests.TestCase3" name="Step2" time="0.240"/>
  <system-out/>
  <testcase classname="com.qa.jupiter.tests.TestCase3" name="Step4" time="0.818"/>
  <system-out/>
  <testcase classname="com.qa.jupiter.tests.TestCase3" name="Step1" time="0.284"/>
  <system-out/>
  <testcase classname="com.qa.jupiter.tests.TestCase3" name="Step5" time="0.286"/>
  <system-out/>
  <testcase classname="com.qa.jupiter.tests.TestCase3" name="Step1" time="0.642"/>
  <system-out/>
  <testcase classname="com.qa.jupiter.tests.TestCase3" name="Step3" time="0.524"/>
  <system-out/>
</testsuite> <!-- com.qa.jupiter.tests.TestCase3 -->
