<?xml version="1.0" encoding="UTF-8"?>
<!-- Generated by org.testng.reporters.JUnitReportReporter -->
<testsuite hostname="DESKTOP-R6M179N" failures="0" tests="7" name="com.qa.jupiter.tests.TestCase3" time="2.936" errors="0" timestamp="2023-11-20T11:32:16 CST" skipped="0">
  <testcase classname="com.qa.jupiter.tests.TestCase3" name="Step1" time="0.213"/>
  <system-out/>
  <testcase classname="com.qa.jupiter.tests.TestCase3" name="Step3" time="0.534"/>
  <system-out/>
  <testcase classname="com.qa.jupiter.tests.TestCase3" name="Step4" time="0.875"/>
  <system-out/>
  <testcase classname="com.qa.jupiter.tests.TestCase3" name="Step1" time="0.319"/>
  <system-out/>
  <testcase classname="com.qa.jupiter.tests.TestCase3" name="Step2" time="0.264"/>
  <system-out/>
  <testcase classname="com.qa.jupiter.tests.TestCase3" name="Step1" time="0.422"/>
  <system-out/>
  <testcase classname="com.qa.jupiter.tests.TestCase3" name="Step5" time="0.309"/>
  <system-out/>
</testsuite> <!-- com.qa.jupiter.tests.TestCase3 -->
